<?xml version="1.0" encoding="UTF-8"?>
<testsuite name="depaul.csc452.group2.campusconnect.service.UserServiceTest" tests="1" skipped="0" failures="0" errors="0" timestamp="2021-11-20T01:00:49" hostname="thanchanoks-mbp.lan" time="1.596">
  <properties/>
  <testcase name="checkLoadUserByUsername()" classname="depaul.csc452.group2.campusconnect.service.UserServiceTest" time="1.596"/>
  <system-out><![CDATA[]]></system-out>
  <system-err><![CDATA[]]></system-err>
</testsuite>
